Start testing: Jan 05 21:27 CET
----------------------------------------------------------
1/1 Testing: MemAllocationTests
1/1 Test: MemAllocationTests
Command: "/mnt/data/Programming/C/MemAllocator/build/tests/MemAllocationTests"
Directory: /mnt/data/Programming/C/MemAllocator/build/tests
"MemAllocationTests" start time: Jan 05 21:27 CET
Output:
----------------------------------------------------------
Running main() from /mnt/data/Programming/C/MemAllocator/build/_deps/googletest-src/googletest/src/gtest_main.cc
[==========] Running 5 tests from 1 test suite.
[----------] Global test environment set-up.
[----------] 5 tests from MemAllocater
[ RUN      ] MemAllocater.CheckNullAllocation
Incorrect size given: 0
[       OK ] MemAllocater.CheckNullAllocation (0 ms)
[ RUN      ] MemAllocater.CheckInvSizeAllocation
Mem First pointer 0x75bea50ff010
Hdr First pointer 0x75bea50ff010
Size of Allocation -1
Size of Header 24
Return pointer 0x75bea50ff028
[       OK ] MemAllocater.CheckInvSizeAllocation (0 ms)
[ RUN      ] MemAllocater.CheckOutOfMemoryAllocation
Out of memory
[       OK ] MemAllocater.CheckOutOfMemoryAllocation (0 ms)
[ RUN      ] MemAllocater.CheckMemPointerReturned
Size of Allocation 10
Size of Header 24
Return pointer 0x75bea50ff028
Value of pInt: 
[       OK ] MemAllocater.CheckMemPointerReturned (0 ms)
[ RUN      ] MemAllocater.CheckMemPointerReturnedAfterMultiAlloc
Out of memory
Value of pInt: Out of memory
Out of memory
/mnt/data/Programming/C/MemAllocator/tests/allocatorTests.cpp:35: Failure
Expected: (pInt) != (nullptr), actual: NULL vs (nullptr)

/mnt/data/Programming/C/MemAllocator/tests/allocatorTests.cpp:36: Failure
Expected: (pInt2) != (nullptr), actual: NULL vs (nullptr)

/mnt/data/Programming/C/MemAllocator/tests/allocatorTests.cpp:37: Failure
Expected: (pInt3) != (nullptr), actual: NULL vs (nullptr)

[  FAILED  ] MemAllocater.CheckMemPointerReturnedAfterMultiAlloc (0 ms)
[----------] 5 tests from MemAllocater (0 ms total)

[----------] Global test environment tear-down
[==========] 5 tests from 1 test suite ran. (0 ms total)
[  PASSED  ] 4 tests.
[  FAILED  ] 1 test, listed below:
[  FAILED  ] MemAllocater.CheckMemPointerReturnedAfterMultiAlloc

 1 FAILED TEST
<end of output>
Test time =   0.00 sec
----------------------------------------------------------
Test Failed.
"MemAllocationTests" end time: Jan 05 21:27 CET
"MemAllocationTests" time elapsed: 00:00:00
----------------------------------------------------------

End testing: Jan 05 21:27 CET
