Start testing: Jan 03 22:42 CET
----------------------------------------------------------
1/1 Testing: MemAllocationTests
1/1 Test: MemAllocationTests
Command: "/mnt/data/Programming/C/MemAllocator/build/tests/MemAllocationTests"
Directory: /mnt/data/Programming/C/MemAllocator/build/tests
"MemAllocationTests" start time: Jan 03 22:42 CET
Output:
----------------------------------------------------------
Running main() from /mnt/data/Programming/C/MemAllocator/build/_deps/googletest-src/googletest/src/gtest_main.cc
[==========] Running 4 tests from 1 test suite.
[----------] Global test environment set-up.
[----------] 4 tests from MemAllocater
[ RUN      ] MemAllocater.InitTest
[       OK ] MemAllocater.InitTest (0 ms)
[ RUN      ] MemAllocater.InitTest2
[       OK ] MemAllocater.InitTest2 (0 ms)
[ RUN      ] MemAllocater.InitTest3
[       OK ] MemAllocater.InitTest3 (0 ms)
[ RUN      ] MemAllocater.InitTest4
[       OK ] MemAllocater.InitTest4 (0 ms)
[----------] 4 tests from MemAllocater (0 ms total)

[----------] Global test environment tear-down
[==========] 4 tests from 1 test suite ran. (0 ms total)
[  PASSED  ] 4 tests.
<end of output>
Test time =   0.00 sec
----------------------------------------------------------
Test Passed.
"MemAllocationTests" end time: Jan 03 22:42 CET
"MemAllocationTests" time elapsed: 00:00:00
----------------------------------------------------------

End testing: Jan 03 22:42 CET
